
🚀 Starting FaceFusion Batch Processing
   Source: MillieBobbyBrown.jpg
   Targets: 39 images from data/trgt
   Output: data/out
   Model: inswapper_128
   Provider: cpu

============================================================

[1/39] Processing: Vogue_USA_-_May_2024_Page_001.png
cmd: /usr/bin/python3 /home/user/code/facefusion/facefusion/facefusion.py headless-run --source data/src/MillieBobbyBrown.jpg --target data/trgt/Vogue_USA_-_May_2024_Page_001.png --output data/out/MillieBobbyBrown_to_Vogue_USA_-_May_2024_Page_001.png --processors face_swapper --face-swapper-model inswapper_128 --execution-providers cpu --skip-download
  ❌ Failed: Vogue_USA_-_May_2024_Page_001.png
[2/39] Processing: Vogue_USA_-_May_2024_Page_002.png
cmd: /usr/bin/python3 /home/user/code/facefusion/facefusion/facefusion.py headless-run --source data/src/MillieBobbyBrown.jpg --target data/trgt/Vogue_USA_-_May_2024_Page_002.png --output data/out/MillieBobbyBrown_to_Vogue_USA_-_May_2024_Page_002.png --processors face_swapper --face-swapper-model inswapper_128 --execution-providers cpu --skip-download
  ❌ Failed: Vogue_USA_-_May_2024_Page_002.png
[3/39] Processing: Vogue_USA_-_May_2024_Page_004.png
cmd: /usr/bin/python3 /home/user/code/facefusion/facefusion/facefusion.py headless-run --source data/src/MillieBobbyBrown.jpg --target data/trgt/Vogue_USA_-_May_2024_Page_004.png --output data/out/MillieBobbyBrown_to_Vogue_USA_-_May_2024_Page_004.png --processors face_swapper --face-swapper-model inswapper_128 --execution-providers cpu --skip-download
  ❌ Failed: Vogue_USA_-_May_2024_Page_004.png
[4/39] Processing: Vogue_USA_-_May_2024_Page_005.png
cmd: /usr/bin/python3 /home/user/code/facefusion/facefusion/facefusion.py headless-run --source data/src/MillieBobbyBrown.jpg --target data/trgt/Vogue_USA_-_May_2024_Page_005.png --output data/out/MillieBobbyBrown_to_Vogue_USA_-_May_2024_Page_005.png --processors face_swapper --face-swapper-model inswapper_128 --execution-providers cpu --skip-download
  ❌ Failed: Vogue_USA_-_May_2024_Page_005.png
[5/39] Processing: Vogue_USA_-_May_2024_Page_006.png
cmd: /usr/bin/python3 /home/user/code/facefusion/facefusion/facefusion.py headless-run --source data/src/MillieBobbyBrown.jpg --target data/trgt/Vogue_USA_-_May_2024_Page_006.png --output data/out/MillieBobbyBrown_to_Vogue_USA_-_May_2024_Page_006.png --processors face_swapper --face-swapper-model inswapper_128 --execution-providers cpu --skip-download
  ❌ Failed: Vogue_USA_-_May_2024_Page_006.png
[6/39] Processing: Vogue_USA_-_May_2024_Page_007.png
cmd: /usr/bin/python3 /home/user/code/facefusion/facefusion/facefusion.py headless-run --source data/src/MillieBobbyBrown.jpg --target data/trgt/Vogue_USA_-_May_2024_Page_007.png --output data/out/MillieBobbyBrown_to_Vogue_USA_-_May_2024_Page_007.png --processors face_swapper --face-swapper-model inswapper_128 --execution-providers cpu --skip-download
  ❌ Failed: Vogue_USA_-_May_2024_Page_007.png
[7/39] Processing: Vogue_USA_-_May_2024_Page_008.png
cmd: /usr/bin/python3 /home/user/code/facefusion/facefusion/facefusion.py headless-run --source data/src/MillieBobbyBrown.jpg --target data/trgt/Vogue_USA_-_May_2024_Page_008.png --output data/out/MillieBobbyBrown_to_Vogue_USA_-_May_2024_Page_008.png --processors face_swapper --face-swapper-model inswapper_128 --execution-providers cpu --skip-download
  ❌ Failed: Vogue_USA_-_May_2024_Page_008.png
[8/39] Processing: Vogue_USA_-_May_2024_Page_009.png
cmd: /usr/bin/python3 /home/user/code/facefusion/facefusion/facefusion.py headless-run --source data/src/MillieBobbyBrown.jpg --target data/trgt/Vogue_USA_-_May_2024_Page_009.png --output data/out/MillieBobbyBrown_to_Vogue_USA_-_May_2024_Page_009.png --processors face_swapper --face-swapper-model inswapper_128 --execution-providers cpu --skip-download
  ❌ Failed: Vogue_USA_-_May_2024_Page_009.png
[9/39] Processing: Vogue_USA_-_May_2024_Page_017.png
cmd: /usr/bin/python3 /home/user/code/facefusion/facefusion/facefusion.py headless-run --source data/src/MillieBobbyBrown.jpg --target data/trgt/Vogue_USA_-_May_2024_Page_017.png --output data/out/MillieBobbyBrown_to_Vogue_USA_-_May_2024_Page_017.png --processors face_swapper --face-swapper-model inswapper_128 --execution-providers cpu --skip-download
  ❌ Failed: Vogue_USA_-_May_2024_Page_017.png
[10/39] Processing: Vogue_USA_-_May_2024_Page_019.png
cmd: /usr/bin/python3 /home/user/code/facefusion/facefusion/facefusion.py headless-run --source data/src/MillieBobbyBrown.jpg --target data/trgt/Vogue_USA_-_May_2024_Page_019.png --output data/out/MillieBobbyBrown_to_Vogue_USA_-_May_2024_Page_019.png --processors face_swapper --face-swapper-model inswapper_128 --execution-providers cpu --skip-download
  ❌ Failed: Vogue_USA_-_May_2024_Page_019.png
[11/39] Processing: Vogue_USA_-_May_2024_Page_022.png
cmd: /usr/bin/python3 /home/user/code/facefusion/facefusion/facefusion.py headless-run --source data/src/MillieBobbyBrown.jpg --target data/trgt/Vogue_USA_-_May_2024_Page_022.png --output data/out/MillieBobbyBrown_to_Vogue_USA_-_May_2024_Page_022.png --processors face_swapper --face-swapper-model inswapper_128 --execution-providers cpu --skip-download
  ❌ Failed: Vogue_USA_-_May_2024_Page_022.png
[12/39] Processing: Vogue_USA_-_May_2024_Page_023.png
cmd: /usr/bin/python3 /home/user/code/facefusion/facefusion/facefusion.py headless-run --source data/src/MillieBobbyBrown.jpg --target data/trgt/Vogue_USA_-_May_2024_Page_023.png --output data/out/MillieBobbyBrown_to_Vogue_USA_-_May_2024_Page_023.png --processors face_swapper --face-swapper-model inswapper_128 --execution-providers cpu --skip-download
  ❌ Failed: Vogue_USA_-_May_2024_Page_023.png
[13/39] Processing: Vogue_USA_-_May_2024_Page_024.png
cmd: /usr/bin/python3 /home/user/code/facefusion/facefusion/facefusion.py headless-run --source data/src/MillieBobbyBrown.jpg --target data/trgt/Vogue_USA_-_May_2024_Page_024.png --output data/out/MillieBobbyBrown_to_Vogue_USA_-_May_2024_Page_024.png --processors face_swapper --face-swapper-model inswapper_128 --execution-providers cpu --skip-download
  ❌ Failed: Vogue_USA_-_May_2024_Page_024.png
[14/39] Processing: Vogue_USA_-_May_2024_Page_027.png
cmd: /usr/bin/python3 /home/user/code/facefusion/facefusion/facefusion.py headless-run --source data/src/MillieBobbyBrown.jpg --target data/trgt/Vogue_USA_-_May_2024_Page_027.png --output data/out/MillieBobbyBrown_to_Vogue_USA_-_May_2024_Page_027.png --processors face_swapper --face-swapper-model inswapper_128 --execution-providers cpu --skip-download
  ❌ Failed: Vogue_USA_-_May_2024_Page_027.png
[15/39] Processing: Vogue_USA_-_May_2024_Page_028.png
cmd: /usr/bin/python3 /home/user/code/facefusion/facefusion/facefusion.py headless-run --source data/src/MillieBobbyBrown.jpg --target data/trgt/Vogue_USA_-_May_2024_Page_028.png --output data/out/MillieBobbyBrown_to_Vogue_USA_-_May_2024_Page_028.png --processors face_swapper --face-swapper-model inswapper_128 --execution-providers cpu --skip-download
  ❌ Failed: Vogue_USA_-_May_2024_Page_028.png
[16/39] Processing: Vogue_USA_-_May_2024_Page_030.png
cmd: /usr/bin/python3 /home/user/code/facefusion/facefusion/facefusion.py headless-run --source data/src/MillieBobbyBrown.jpg --target data/trgt/Vogue_USA_-_May_2024_Page_030.png --output data/out/MillieBobbyBrown_to_Vogue_USA_-_May_2024_Page_030.png --processors face_swapper --face-swapper-model inswapper_128 --execution-providers cpu --skip-download
  ❌ Failed: Vogue_USA_-_May_2024_Page_030.png
[17/39] Processing: Vogue_USA_-_May_2024_Page_032.png
cmd: /usr/bin/python3 /home/user/code/facefusion/facefusion/facefusion.py headless-run --source data/src/MillieBobbyBrown.jpg --target data/trgt/Vogue_USA_-_May_2024_Page_032.png --output data/out/MillieBobbyBrown_to_Vogue_USA_-_May_2024_Page_032.png --processors face_swapper --face-swapper-model inswapper_128 --execution-providers cpu --skip-download
  ❌ Failed: Vogue_USA_-_May_2024_Page_032.png
[18/39] Processing: Vogue_USA_-_May_2024_Page_033.png
